15:13:59.714 [schedule-pool-7] INFO  sys-user - [run,55] - [127.0.0.1]内网IP[admin][Success][登录成功]
15:28:49.561 [main] INFO  c.r.RuoYiApplication - [logStarting,55] - Starting RuoYiApplication using Java 22 on lingluodeMacBook-Air.local with PID 81098 (/Users/lingluo/Documents/project/hxx/RuoYi-Vue/ruoyi-admin/target/ruoyi-admin.jar started by lingluo in /Users/lingluo/Documents/project/hxx/RuoYi-Vue/ruoyi-admin/target)
15:28:49.563 [main] INFO  c.r.RuoYiApplication - [logStartupProfileInfo,686] - The following 1 profile is active: "druid"
15:28:49.564 [background-preinit] INFO  o.h.v.i.util.Version - [<clinit>,21] - HV000001: Hibernate Validator 6.2.5.Final
15:28:50.995 [main] INFO  o.a.c.h.Http11NioProtocol - [log,173] - Initializing ProtocolHandler ["http-nio-8080"]
15:28:50.998 [main] INFO  o.a.c.c.StandardService - [log,173] - Starting service [Tomcat]
15:28:50.998 [main] INFO  o.a.c.c.StandardEngine - [log,173] - Starting Servlet engine: [Apache Tomcat/9.0.102]
15:28:51.049 [main] INFO  o.a.c.c.C.[.[.[/] - [log,173] - Initializing Spring embedded WebApplicationContext
15:28:52.070 [main] INFO  c.a.d.p.DruidDataSource - [init,1002] - {dataSource-1} inited
15:28:53.550 [main] INFO  o.q.i.StdSchedulerFactory - [instantiate,1220] - Using default implementation for ThreadExecutor
15:28:53.560 [main] INFO  o.q.c.SchedulerSignalerImpl - [<init>,61] - Initialized Scheduler Signaller of type: class org.quartz.core.SchedulerSignalerImpl
15:28:53.560 [main] INFO  o.q.c.QuartzScheduler - [<init>,229] - Quartz Scheduler v.2.3.2 created.
15:28:53.561 [main] INFO  o.q.s.RAMJobStore - [initialize,155] - RAMJobStore initialized.
15:28:53.561 [main] INFO  o.q.c.QuartzScheduler - [initialize,294] - Scheduler meta-data: Quartz Scheduler (v2.3.2) 'quartzScheduler' with instanceId 'NON_CLUSTERED'
  Scheduler class: 'org.quartz.core.QuartzScheduler' - running locally.
  NOT STARTED.
  Currently in standby mode.
  Number of jobs executed: 0
  Using thread pool 'org.quartz.simpl.SimpleThreadPool' - with 10 threads.
  Using job-store 'org.quartz.simpl.RAMJobStore' - which does not support persistence. and is not clustered.

15:28:53.561 [main] INFO  o.q.i.StdSchedulerFactory - [instantiate,1374] - Quartz scheduler 'quartzScheduler' initialized from an externally provided properties instance.
15:28:53.561 [main] INFO  o.q.i.StdSchedulerFactory - [instantiate,1378] - Quartz scheduler version: 2.3.2
15:28:53.561 [main] INFO  o.q.c.QuartzScheduler - [setJobFactory,2293] - JobFactory set to: org.springframework.scheduling.quartz.SpringBeanJobFactory@2f995afc
15:28:54.561 [main] INFO  o.a.c.h.Http11NioProtocol - [log,173] - Starting ProtocolHandler ["http-nio-8080"]
15:28:54.568 [main] INFO  o.q.c.QuartzScheduler - [shutdown,666] - Scheduler quartzScheduler_$_NON_CLUSTERED shutting down.
15:28:54.568 [main] INFO  o.q.c.QuartzScheduler - [standby,585] - Scheduler quartzScheduler_$_NON_CLUSTERED paused.
15:28:54.568 [main] INFO  o.q.c.QuartzScheduler - [shutdown,740] - Scheduler quartzScheduler_$_NON_CLUSTERED shutdown complete.
15:28:54.568 [main] INFO  sys-user - [shutdownAsyncManager,31] - ====关闭后台任务任务线程池====
15:28:54.570 [main] INFO  c.a.d.p.DruidDataSource - [close,2204] - {dataSource-1} closing ...
15:28:54.576 [main] INFO  c.a.d.p.DruidDataSource - [close,2277] - {dataSource-1} closed
15:28:54.694 [main] INFO  o.a.c.h.Http11NioProtocol - [log,173] - Pausing ProtocolHandler ["http-nio-8080"]
15:28:54.695 [main] INFO  o.a.c.c.StandardService - [log,173] - Stopping service [Tomcat]
15:28:54.699 [main] INFO  o.a.c.h.Http11NioProtocol - [log,173] - Stopping ProtocolHandler ["http-nio-8080"]
15:28:54.699 [main] INFO  o.a.c.h.Http11NioProtocol - [log,173] - Destroying ProtocolHandler ["http-nio-8080"]
15:29:25.756 [background-preinit] INFO  o.h.v.i.util.Version - [<clinit>,21] - HV000001: Hibernate Validator 6.2.5.Final
15:29:25.756 [main] INFO  c.r.RuoYiApplication - [logStarting,55] - Starting RuoYiApplication using Java 22 on lingluodeMacBook-Air.local with PID 81291 (/Users/lingluo/Documents/project/hxx/RuoYi-Vue/ruoyi-admin/target/ruoyi-admin.jar started by lingluo in /Users/lingluo/Documents/project/hxx/RuoYi-Vue/ruoyi-admin/target)
15:29:25.759 [main] INFO  c.r.RuoYiApplication - [logStartupProfileInfo,686] - The following 1 profile is active: "druid"
15:29:27.180 [main] INFO  o.a.c.h.Http11NioProtocol - [log,173] - Initializing ProtocolHandler ["http-nio-8080"]
15:29:27.182 [main] INFO  o.a.c.c.StandardService - [log,173] - Starting service [Tomcat]
15:29:27.182 [main] INFO  o.a.c.c.StandardEngine - [log,173] - Starting Servlet engine: [Apache Tomcat/9.0.102]
15:29:27.230 [main] INFO  o.a.c.c.C.[.[.[/] - [log,173] - Initializing Spring embedded WebApplicationContext
15:29:28.130 [main] INFO  c.a.d.p.DruidDataSource - [init,1002] - {dataSource-1} inited
15:29:29.318 [main] INFO  o.q.i.StdSchedulerFactory - [instantiate,1220] - Using default implementation for ThreadExecutor
15:29:29.325 [main] INFO  o.q.c.SchedulerSignalerImpl - [<init>,61] - Initialized Scheduler Signaller of type: class org.quartz.core.SchedulerSignalerImpl
15:29:29.326 [main] INFO  o.q.c.QuartzScheduler - [<init>,229] - Quartz Scheduler v.2.3.2 created.
15:29:29.326 [main] INFO  o.q.s.RAMJobStore - [initialize,155] - RAMJobStore initialized.
15:29:29.326 [main] INFO  o.q.c.QuartzScheduler - [initialize,294] - Scheduler meta-data: Quartz Scheduler (v2.3.2) 'quartzScheduler' with instanceId 'NON_CLUSTERED'
  Scheduler class: 'org.quartz.core.QuartzScheduler' - running locally.
  NOT STARTED.
  Currently in standby mode.
  Number of jobs executed: 0
  Using thread pool 'org.quartz.simpl.SimpleThreadPool' - with 10 threads.
  Using job-store 'org.quartz.simpl.RAMJobStore' - which does not support persistence. and is not clustered.

15:29:29.326 [main] INFO  o.q.i.StdSchedulerFactory - [instantiate,1374] - Quartz scheduler 'quartzScheduler' initialized from an externally provided properties instance.
15:29:29.326 [main] INFO  o.q.i.StdSchedulerFactory - [instantiate,1378] - Quartz scheduler version: 2.3.2
15:29:29.326 [main] INFO  o.q.c.QuartzScheduler - [setJobFactory,2293] - JobFactory set to: org.springframework.scheduling.quartz.SpringBeanJobFactory@3fdcde7a
15:29:30.110 [main] INFO  o.a.c.h.Http11NioProtocol - [log,173] - Starting ProtocolHandler ["http-nio-8080"]
15:29:30.116 [main] INFO  o.q.c.QuartzScheduler - [shutdown,666] - Scheduler quartzScheduler_$_NON_CLUSTERED shutting down.
15:29:30.116 [main] INFO  o.q.c.QuartzScheduler - [standby,585] - Scheduler quartzScheduler_$_NON_CLUSTERED paused.
15:29:30.116 [main] INFO  o.q.c.QuartzScheduler - [shutdown,740] - Scheduler quartzScheduler_$_NON_CLUSTERED shutdown complete.
15:29:30.116 [main] INFO  sys-user - [shutdownAsyncManager,31] - ====关闭后台任务任务线程池====
15:29:30.119 [main] INFO  c.a.d.p.DruidDataSource - [close,2204] - {dataSource-1} closing ...
15:29:30.124 [main] INFO  c.a.d.p.DruidDataSource - [close,2277] - {dataSource-1} closed
15:29:30.243 [main] INFO  o.a.c.h.Http11NioProtocol - [log,173] - Pausing ProtocolHandler ["http-nio-8080"]
15:29:30.243 [main] INFO  o.a.c.c.StandardService - [log,173] - Stopping service [Tomcat]
15:29:30.247 [main] INFO  o.a.c.h.Http11NioProtocol - [log,173] - Stopping ProtocolHandler ["http-nio-8080"]
15:29:30.248 [main] INFO  o.a.c.h.Http11NioProtocol - [log,173] - Destroying ProtocolHandler ["http-nio-8080"]
15:31:53.662 [background-preinit] INFO  o.h.v.i.util.Version - [<clinit>,21] - HV000001: Hibernate Validator 6.2.5.Final
15:31:53.661 [main] INFO  c.r.RuoYiApplication - [logStarting,55] - Starting RuoYiApplication using Java 22 on lingluodeMacBook-Air.local with PID 81892 (/Users/lingluo/Documents/project/hxx/RuoYi-Vue/ruoyi-admin/target/ruoyi-admin.jar started by lingluo in /Users/lingluo/Documents/project/hxx/RuoYi-Vue/ruoyi-admin/target)
15:31:53.664 [main] INFO  c.r.RuoYiApplication - [logStartupProfileInfo,686] - The following 1 profile is active: "druid"
15:31:55.095 [main] INFO  o.a.c.h.Http11NioProtocol - [log,173] - Initializing ProtocolHandler ["http-nio-8080"]
15:31:55.097 [main] INFO  o.a.c.c.StandardService - [log,173] - Starting service [Tomcat]
15:31:55.098 [main] INFO  o.a.c.c.StandardEngine - [log,173] - Starting Servlet engine: [Apache Tomcat/9.0.102]
15:31:55.150 [main] INFO  o.a.c.c.C.[.[.[/] - [log,173] - Initializing Spring embedded WebApplicationContext
15:31:56.082 [main] INFO  c.a.d.p.DruidDataSource - [init,1002] - {dataSource-1} inited
15:31:57.273 [main] INFO  o.q.i.StdSchedulerFactory - [instantiate,1220] - Using default implementation for ThreadExecutor
15:31:57.280 [main] INFO  o.q.c.SchedulerSignalerImpl - [<init>,61] - Initialized Scheduler Signaller of type: class org.quartz.core.SchedulerSignalerImpl
15:31:57.281 [main] INFO  o.q.c.QuartzScheduler - [<init>,229] - Quartz Scheduler v.2.3.2 created.
15:31:57.281 [main] INFO  o.q.s.RAMJobStore - [initialize,155] - RAMJobStore initialized.
15:31:57.281 [main] INFO  o.q.c.QuartzScheduler - [initialize,294] - Scheduler meta-data: Quartz Scheduler (v2.3.2) 'quartzScheduler' with instanceId 'NON_CLUSTERED'
  Scheduler class: 'org.quartz.core.QuartzScheduler' - running locally.
  NOT STARTED.
  Currently in standby mode.
  Number of jobs executed: 0
  Using thread pool 'org.quartz.simpl.SimpleThreadPool' - with 10 threads.
  Using job-store 'org.quartz.simpl.RAMJobStore' - which does not support persistence. and is not clustered.

15:31:57.281 [main] INFO  o.q.i.StdSchedulerFactory - [instantiate,1374] - Quartz scheduler 'quartzScheduler' initialized from an externally provided properties instance.
15:31:57.282 [main] INFO  o.q.i.StdSchedulerFactory - [instantiate,1378] - Quartz scheduler version: 2.3.2
15:31:57.282 [main] INFO  o.q.c.QuartzScheduler - [setJobFactory,2293] - JobFactory set to: org.springframework.scheduling.quartz.SpringBeanJobFactory@5f08fe00
15:31:58.094 [main] INFO  o.a.c.h.Http11NioProtocol - [log,173] - Starting ProtocolHandler ["http-nio-8080"]
15:31:58.244 [main] INFO  o.q.c.QuartzScheduler - [start,547] - Scheduler quartzScheduler_$_NON_CLUSTERED started.
15:31:58.250 [main] INFO  c.r.RuoYiApplication - [logStarted,61] - Started RuoYiApplication in 4.843 seconds (JVM running for 5.291)
15:32:04.748 [http-nio-8080-exec-1] INFO  o.a.c.c.C.[.[.[/] - [log,173] - Initializing Spring DispatcherServlet 'dispatcherServlet'
15:51:39.150 [main] INFO  c.r.RuoYiApplication - [logStarting,55] - Starting RuoYiApplication using Java 22 on lingluodeMacBook-Air.local with PID 91334 (/Users/lingluo/Documents/project/hxx/RuoYi-Vue/ruoyi-admin/target/ruoyi-admin.jar started by lingluo in /Users/lingluo/Documents/project/hxx/RuoYi-Vue/ruoyi-admin/target)
15:51:39.152 [background-preinit] INFO  o.h.v.i.util.Version - [<clinit>,21] - HV000001: Hibernate Validator 6.2.5.Final
15:51:39.152 [main] INFO  c.r.RuoYiApplication - [logStartupProfileInfo,686] - The following 1 profile is active: "druid"
15:51:40.592 [main] INFO  o.a.c.h.Http11NioProtocol - [log,173] - Initializing ProtocolHandler ["http-nio-8080"]
15:51:40.594 [main] INFO  o.a.c.c.StandardService - [log,173] - Starting service [Tomcat]
15:51:40.594 [main] INFO  o.a.c.c.StandardEngine - [log,173] - Starting Servlet engine: [Apache Tomcat/9.0.102]
15:51:40.646 [main] INFO  o.a.c.c.C.[.[.[/] - [log,173] - Initializing Spring embedded WebApplicationContext
15:51:41.686 [main] INFO  c.a.d.p.DruidDataSource - [init,1002] - {dataSource-1} inited
15:51:43.041 [main] INFO  o.q.i.StdSchedulerFactory - [instantiate,1220] - Using default implementation for ThreadExecutor
15:51:43.052 [main] INFO  o.q.c.SchedulerSignalerImpl - [<init>,61] - Initialized Scheduler Signaller of type: class org.quartz.core.SchedulerSignalerImpl
15:51:43.052 [main] INFO  o.q.c.QuartzScheduler - [<init>,229] - Quartz Scheduler v.2.3.2 created.
15:51:43.053 [main] INFO  o.q.s.RAMJobStore - [initialize,155] - RAMJobStore initialized.
15:51:43.053 [main] INFO  o.q.c.QuartzScheduler - [initialize,294] - Scheduler meta-data: Quartz Scheduler (v2.3.2) 'quartzScheduler' with instanceId 'NON_CLUSTERED'
  Scheduler class: 'org.quartz.core.QuartzScheduler' - running locally.
  NOT STARTED.
  Currently in standby mode.
  Number of jobs executed: 0
  Using thread pool 'org.quartz.simpl.SimpleThreadPool' - with 10 threads.
  Using job-store 'org.quartz.simpl.RAMJobStore' - which does not support persistence. and is not clustered.

15:51:43.053 [main] INFO  o.q.i.StdSchedulerFactory - [instantiate,1374] - Quartz scheduler 'quartzScheduler' initialized from an externally provided properties instance.
15:51:43.053 [main] INFO  o.q.i.StdSchedulerFactory - [instantiate,1378] - Quartz scheduler version: 2.3.2
15:51:43.053 [main] INFO  o.q.c.QuartzScheduler - [setJobFactory,2293] - JobFactory set to: org.springframework.scheduling.quartz.SpringBeanJobFactory@100aa331
15:51:43.922 [main] INFO  o.a.c.h.Http11NioProtocol - [log,173] - Starting ProtocolHandler ["http-nio-8080"]
15:51:44.072 [main] INFO  o.q.c.QuartzScheduler - [start,547] - Scheduler quartzScheduler_$_NON_CLUSTERED started.
15:51:44.079 [main] INFO  c.r.RuoYiApplication - [logStarted,61] - Started RuoYiApplication in 5.196 seconds (JVM running for 5.618)
15:51:54.183 [http-nio-8080-exec-1] INFO  o.a.c.c.C.[.[.[/] - [log,173] - Initializing Spring DispatcherServlet 'dispatcherServlet'
16:02:49.666 [main] INFO  c.r.RuoYiApplication - [logStarting,55] - Starting RuoYiApplication using Java 22 on lingluodeMacBook-Air.local with PID 92765 (/Users/lingluo/Documents/project/hxx/RuoYi-Vue/ruoyi-admin/target/ruoyi-admin.jar started by lingluo in /Users/lingluo/Documents/project/hxx/RuoYi-Vue/ruoyi-admin/target)
16:02:49.666 [background-preinit] INFO  o.h.v.i.util.Version - [<clinit>,21] - HV000001: Hibernate Validator 6.2.5.Final
16:02:49.668 [main] INFO  c.r.RuoYiApplication - [logStartupProfileInfo,686] - The following 1 profile is active: "druid"
16:03:03.598 [main] INFO  c.r.RuoYiApplication - [logStarting,55] - Starting RuoYiApplication using Java 22 on lingluodeMacBook-Air.local with PID 92924 (/Users/lingluo/Documents/project/hxx/RuoYi-Vue/ruoyi-admin/target/ruoyi-admin.jar started by lingluo in /Users/lingluo/Documents/project/hxx/RuoYi-Vue/ruoyi-admin/target)
16:03:03.600 [main] INFO  c.r.RuoYiApplication - [logStartupProfileInfo,686] - The following 1 profile is active: "druid"
16:03:03.602 [background-preinit] INFO  o.h.v.i.util.Version - [<clinit>,21] - HV000001: Hibernate Validator 6.2.5.Final
16:03:04.984 [main] INFO  o.a.c.h.Http11NioProtocol - [log,173] - Initializing ProtocolHandler ["http-nio-8080"]
16:03:04.986 [main] INFO  o.a.c.c.StandardService - [log,173] - Starting service [Tomcat]
16:03:04.986 [main] INFO  o.a.c.c.StandardEngine - [log,173] - Starting Servlet engine: [Apache Tomcat/9.0.102]
16:03:05.037 [main] INFO  o.a.c.c.C.[.[.[/] - [log,173] - Initializing Spring embedded WebApplicationContext
16:03:05.949 [main] INFO  c.a.d.p.DruidDataSource - [init,1002] - {dataSource-1} inited
16:03:07.210 [main] INFO  o.q.i.StdSchedulerFactory - [instantiate,1220] - Using default implementation for ThreadExecutor
16:03:07.217 [main] INFO  o.q.c.SchedulerSignalerImpl - [<init>,61] - Initialized Scheduler Signaller of type: class org.quartz.core.SchedulerSignalerImpl
16:03:07.217 [main] INFO  o.q.c.QuartzScheduler - [<init>,229] - Quartz Scheduler v.2.3.2 created.
16:03:07.217 [main] INFO  o.q.s.RAMJobStore - [initialize,155] - RAMJobStore initialized.
16:03:07.218 [main] INFO  o.q.c.QuartzScheduler - [initialize,294] - Scheduler meta-data: Quartz Scheduler (v2.3.2) 'quartzScheduler' with instanceId 'NON_CLUSTERED'
  Scheduler class: 'org.quartz.core.QuartzScheduler' - running locally.
  NOT STARTED.
  Currently in standby mode.
  Number of jobs executed: 0
  Using thread pool 'org.quartz.simpl.SimpleThreadPool' - with 10 threads.
  Using job-store 'org.quartz.simpl.RAMJobStore' - which does not support persistence. and is not clustered.

16:03:07.218 [main] INFO  o.q.i.StdSchedulerFactory - [instantiate,1374] - Quartz scheduler 'quartzScheduler' initialized from an externally provided properties instance.
16:03:07.218 [main] INFO  o.q.i.StdSchedulerFactory - [instantiate,1378] - Quartz scheduler version: 2.3.2
16:03:07.218 [main] INFO  o.q.c.QuartzScheduler - [setJobFactory,2293] - JobFactory set to: org.springframework.scheduling.quartz.SpringBeanJobFactory@5460edd3
16:03:08.043 [main] INFO  o.a.c.h.Http11NioProtocol - [log,173] - Starting ProtocolHandler ["http-nio-8080"]
16:03:08.198 [main] INFO  o.q.c.QuartzScheduler - [start,547] - Scheduler quartzScheduler_$_NON_CLUSTERED started.
16:03:08.204 [main] INFO  c.r.RuoYiApplication - [logStarted,61] - Started RuoYiApplication in 4.849 seconds (JVM running for 5.177)
16:03:23.433 [http-nio-8080-exec-1] INFO  o.a.c.c.C.[.[.[/] - [log,173] - Initializing Spring DispatcherServlet 'dispatcherServlet'
16:24:17.991 [main] INFO  c.r.RuoYiApplication - [logStarting,55] - Starting RuoYiApplication using Java 22 on lingluodeMacBook-Air.local with PID 96142 (/Users/lingluo/Documents/project/hxx/RuoYi-Vue/ruoyi-admin/target/ruoyi-admin.jar started by lingluo in /Users/lingluo/Documents/project/hxx/RuoYi-Vue/ruoyi-admin/target)
16:24:17.991 [background-preinit] INFO  o.h.v.i.util.Version - [<clinit>,21] - HV000001: Hibernate Validator 6.2.5.Final
16:24:17.993 [main] INFO  c.r.RuoYiApplication - [logStartupProfileInfo,686] - The following 1 profile is active: "druid"
16:24:19.519 [main] INFO  o.a.c.h.Http11NioProtocol - [log,173] - Initializing ProtocolHandler ["http-nio-8080"]
16:24:19.521 [main] INFO  o.a.c.c.StandardService - [log,173] - Starting service [Tomcat]
16:24:19.521 [main] INFO  o.a.c.c.StandardEngine - [log,173] - Starting Servlet engine: [Apache Tomcat/9.0.102]
16:24:19.573 [main] INFO  o.a.c.c.C.[.[.[/] - [log,173] - Initializing Spring embedded WebApplicationContext
16:24:20.479 [main] INFO  c.a.d.p.DruidDataSource - [init,1002] - {dataSource-1} inited
16:24:21.787 [main] INFO  o.q.i.StdSchedulerFactory - [instantiate,1220] - Using default implementation for ThreadExecutor
16:24:21.800 [main] INFO  o.q.c.SchedulerSignalerImpl - [<init>,61] - Initialized Scheduler Signaller of type: class org.quartz.core.SchedulerSignalerImpl
16:24:21.800 [main] INFO  o.q.c.QuartzScheduler - [<init>,229] - Quartz Scheduler v.2.3.2 created.
16:24:21.801 [main] INFO  o.q.s.RAMJobStore - [initialize,155] - RAMJobStore initialized.
16:24:21.801 [main] INFO  o.q.c.QuartzScheduler - [initialize,294] - Scheduler meta-data: Quartz Scheduler (v2.3.2) 'quartzScheduler' with instanceId 'NON_CLUSTERED'
  Scheduler class: 'org.quartz.core.QuartzScheduler' - running locally.
  NOT STARTED.
  Currently in standby mode.
  Number of jobs executed: 0
  Using thread pool 'org.quartz.simpl.SimpleThreadPool' - with 10 threads.
  Using job-store 'org.quartz.simpl.RAMJobStore' - which does not support persistence. and is not clustered.

16:24:21.801 [main] INFO  o.q.i.StdSchedulerFactory - [instantiate,1374] - Quartz scheduler 'quartzScheduler' initialized from an externally provided properties instance.
16:24:21.801 [main] INFO  o.q.i.StdSchedulerFactory - [instantiate,1378] - Quartz scheduler version: 2.3.2
16:24:21.801 [main] INFO  o.q.c.QuartzScheduler - [setJobFactory,2293] - JobFactory set to: org.springframework.scheduling.quartz.SpringBeanJobFactory@6c3f1658
16:24:22.635 [main] INFO  o.a.c.h.Http11NioProtocol - [log,173] - Starting ProtocolHandler ["http-nio-8080"]
16:24:22.788 [main] INFO  o.q.c.QuartzScheduler - [start,547] - Scheduler quartzScheduler_$_NON_CLUSTERED started.
16:24:22.794 [main] INFO  c.r.RuoYiApplication - [logStarted,61] - Started RuoYiApplication in 5.16 seconds (JVM running for 5.611)
16:25:47.198 [http-nio-8080-exec-1] INFO  o.a.c.c.C.[.[.[/] - [log,173] - Initializing Spring DispatcherServlet 'dispatcherServlet'
18:14:25.590 [schedule-pool-19] INFO  sys-user - [run,55] - [127.0.0.1]内网IP[admin][Logout][退出成功]
18:14:37.545 [schedule-pool-10] INFO  sys-user - [run,55] - [127.0.0.1]内网IP[hxx][Success][登录成功]
19:00:55.022 [schedule-pool-6] INFO  sys-user - [run,55] - [127.0.0.1]内网IP[hxx][Success][登录成功]
20:00:39.787 [schedule-pool-2] INFO  sys-user - [run,55] - [127.0.0.1]内网IP[hxx][Success][登录成功]
